2019-06-23 03:39:20 INFO (6): Added new  email template #1
2019-06-23 03:39:20 INFO (6): Added new  email template #2
2019-06-23 03:39:20 INFO (6): Added new  email template #3
2019-06-23 03:39:20 INFO (6): Added new  email template #4
2019-06-23 03:39:20 INFO (6): Added new  email template #5
2019-06-23 03:39:20 INFO (6): Added new  email template #6
2019-06-23 03:39:20 INFO (6): Added new  email template #7
2019-06-23 03:39:20 INFO (6): Added new  email template #8
2019-06-23 03:39:20 INFO (6): Added new  email template #9
2019-06-23 03:39:20 INFO (6): Added new  email template #10
2019-06-23 03:39:20 INFO (6): Added new  email template #11
2019-06-23 03:39:20 INFO (6): Added new  email template #12
2019-06-23 03:39:20 INFO (6): Added new  email template #13
2019-06-23 03:39:20 INFO (6): Added new  email template #14
2019-06-23 03:39:20 INFO (6): Added new  email template #15
2019-06-23 03:39:20 INFO (6): Added new  email template #16
2019-06-23 03:39:20 INFO (6): Added new  email template #17
2019-06-23 03:39:20 INFO (6): Added new  email template #18
2019-06-23 03:39:20 INFO (6): Added new  email template #19
2019-06-23 03:39:21 INFO (6): Added new  email template #20
2019-06-23 03:39:21 INFO (6): Added new  email template #21
2019-06-23 03:39:21 INFO (6): Added new  email template #22
2019-06-23 03:39:21 INFO (6): Added new  email template #23
2019-06-23 03:39:21 INFO (6): Added new  email template #24
2019-06-23 03:39:21 INFO (6): Added new  email template #25
2019-06-23 03:39:21 INFO (6): Added new  email template #26
2019-06-23 03:39:21 INFO (6): Added new  email template #27
2019-06-23 03:39:21 INFO (6): Added new  email template #28
2019-06-23 03:39:21 INFO (6): Added new  email template #29
2019-06-23 03:39:21 INFO (6): Added new  email template #30
2019-06-23 03:39:21 INFO (6): Added new  email template #31
2019-06-23 03:39:21 INFO (6): Added new  email template #32
2019-06-23 03:39:21 INFO (6): Added new  email template #33
2019-06-23 03:39:21 INFO (6): Added new  email template #34
2019-06-23 03:39:21 INFO (6): Added new  email template #35
2019-06-23 03:39:21 INFO (6): Added new  email template #36
2019-06-23 03:39:21 INFO (6): Added new  email template #37
2019-06-23 03:39:21 INFO (6): Added new  email template #38
2019-06-23 03:39:21 INFO (6): Added new  email template #39
2019-06-23 03:39:21 INFO (6): Added new  email template #40
2019-06-23 03:39:21 INFO (6): Added new  email template #41
2019-06-23 03:39:21 INFO (6): Added new  email template #42
2019-06-23 03:39:21 INFO (6): Added new  email template #43
2019-06-23 03:39:21 INFO (6): Added new  email template #44
2019-06-23 03:39:21 INFO (6): Added new  email template #45
2019-06-23 03:39:21 INFO (6): Added new  email template #46
2019-06-23 03:39:21 INFO (6): Added new  email template #47
2019-06-23 03:39:21 INFO (6): Generated email templates for installed extensions
2019-06-23 03:39:34 INFO (6): Staff member 1 logged in
2019-06-23 03:42:53 INFO (6): Client #1 signed up
2019-06-23 03:42:53 INFO (6): Client #1 logged in
2019-06-23 03:51:55 INFO (6): - Started executing cron
2019-06-23 03:51:55 INFO (6): Executed action to synchronize domain expiration dates with registrar
2019-06-23 03:51:55 INFO (6): Executed action to try cover unpaid invoices with client credits
2019-06-23 03:51:55 INFO (6): Executed action to activate paid invoices
2019-06-23 03:51:55 INFO (6): Executed action to send invoice payment reminders
2019-06-23 03:51:55 INFO (6): Executed action to invoke invoice due event
2019-06-23 03:51:55 INFO (6): Executed action to suspend expired orders
2019-06-23 03:51:55 INFO (6): Executed action to delete expired clients password reminders
2019-06-23 03:51:55 INFO (6): Executed action to clear expired shopping carts from database
2019-06-23 03:51:55 INFO (6): - Finished executing cron
2019-06-23 03:53:40 INFO (6): Added "Domains registration and transfer" to shopping cart
2019-06-23 03:55:58 INFO (6): Updated payment gateway PayPalEmail
2019-06-23 04:23:07 INFO (6): Prepared new invoice "1"
2019-06-23 04:23:07 INFO (6): Approved invoice "1"
2019-06-23 04:23:07 INFO (6): Checked out shopping cart
2019-06-23 05:02:19 INFO (6): Approved invoice "1"
2019-06-23 05:02:19 INFO (6): Generated new renewal invoice #1
2019-06-23 05:23:33 INFO (6): Approved invoice "1"
2019-06-23 05:23:33 INFO (6): Generated new renewal invoice #1
2019-06-23 05:24:02 INFO (6): Approved invoice "1"
2019-06-23 05:24:02 INFO (6): Generated new renewal invoice #1
2019-06-23 05:40:18 INFO (6): Installed new payment gateway PayPalCustom
2019-06-23 05:40:58 INFO (6): Updated payment gateway PayPalCustom
2019-06-23 05:57:46 INFO (6): Installed new payment gateway Payment_Adapter_PayLane
2019-06-23 05:58:15 INFO (6): Logged out
2019-06-23 06:01:10 INFO (6): Installed new payment gateway PayLane
2019-06-23 06:03:16 INFO (6): Updated payment gateway PayLane
2019-06-23 06:03:37 INFO (6): Client #1 logged in
2019-06-23 06:03:48 INFO (6): Approved invoice "1"
2019-06-23 06:03:48 INFO (6): Generated new renewal invoice #1
2019-06-23 06:04:15 INFO (6): Approved invoice "1"
2019-06-23 06:04:15 INFO (6): Generated new renewal invoice #1
2019-06-23 06:05:02 INFO (6): Received transaction 1 from payment gateway 6
2019-06-23 06:18:46 INFO (6): Activated order #1
2019-06-23 06:19:11 INFO (6): Marked invoice "1" as paid
2019-06-23 06:29:05 INFO (6): Added "Domains registration and transfer" to shopping cart
2019-06-23 06:29:10 INFO (6): Prepared new invoice "2"
2019-06-23 06:29:10 INFO (6): Approved invoice "2"
2019-06-23 06:29:10 INFO (6): Checked out shopping cart
2019-06-23 06:29:25 INFO (6): Received transaction 2 from payment gateway 6
2019-06-23 06:29:40 INFO (6): Updated transaction #2
2019-06-23 06:29:40 INFO (6): Updated transaction #2
2019-06-23 06:29:40 INFO (6): Updated transaction #2
2019-06-23 06:29:40 INFO (6): Updated transaction #2
2019-06-23 06:29:40 INFO (6): Marked invoice "2" as paid
2019-06-23 06:29:40 INFO (6): Cover invoice with client credits
2019-06-23 06:29:40 INFO (6): Executed action to try cover unpaid invoices with client credits
2019-06-23 06:29:40 INFO (6): Updated transaction #2
2019-06-23 06:30:54 INFO (6): Approved invoice "3"
2019-06-23 06:30:54 INFO (6): Generated new renewal invoice #3
2019-06-23 06:32:01 INFO (6): Removed invoice #3
2019-06-23 06:32:32 INFO (6): Activated order #2
2019-06-23 06:46:08 INFO (6): Added "Domains registration and transfer" to shopping cart
2019-06-23 06:46:11 INFO (6): Prepared new invoice "4"
2019-06-23 06:46:11 INFO (6): Approved invoice "4"
2019-06-23 06:46:11 INFO (6): Checked out shopping cart
2019-06-23 06:47:25 INFO (6): Approved invoice "4"
2019-06-23 06:47:25 INFO (6): Generated new renewal invoice #4
2019-06-23 06:50:21 INFO (6): Approved invoice "4"
2019-06-23 06:50:21 INFO (6): Generated new renewal invoice #4
2019-06-23 06:52:16 INFO (6): Approved invoice "4"
2019-06-23 06:52:16 INFO (6): Generated new renewal invoice #4
2019-06-23 06:54:48 INFO (6): Approved invoice "4"
2019-06-23 06:54:48 INFO (6): Generated new renewal invoice #4
2019-06-23 06:55:59 INFO (6): Approved invoice "4"
2019-06-23 06:55:59 INFO (6): Generated new renewal invoice #4
2019-06-23 06:57:50 INFO (6): Approved invoice "4"
2019-06-23 06:57:50 INFO (6): Generated new renewal invoice #4
2019-06-23 06:58:41 INFO (6): Approved invoice "4"
2019-06-23 06:58:41 INFO (6): Generated new renewal invoice #4
2019-06-23 11:05:11 INFO (6): Approved invoice "4"
2019-06-23 11:05:11 INFO (6): Generated new renewal invoice #4
